-------------------------------------------------------------------------------
Test set: com.netflix.projeto.ProjetoApplicationTests
-------------------------------------------------------------------------------
Tests run: 1, Failures: 0, Errors: 1, Skipped: 0, Time elapsed: 4.247 s <<< FAILURE! - in com.netflix.projeto.ProjetoApplicationTests
contextLoads  Time elapsed: 0.001 s  <<< ERROR!
java.lang.IllegalStateException: Failed to load ApplicationContext
Caused by: org.springframework.beans.factory.UnsatisfiedDependencyException: Error creating bean with name 'usuarioController': Unsatisfied dependency expressed through field 'usuarioService'; nested exception is org.springframework.beans.factory.UnsatisfiedDependencyException: Error creating bean with name 'usuarioService': Unsatisfied dependency expressed through field 'usuarioRepository'; nested exception is org.springframework.beans.factory.BeanCreationException: Error creating bean with name 'usuarioRepository' defined in com.netflix.projeto.usuario.repository.UsuarioRepository defined in @EnableJpaRepositories declared on JpaRepositoriesRegistrar.EnableJpaRepositoriesConfiguration: Invocation of init method failed; nested exception is org.springframework.data.repository.query.QueryCreationException: Could not create query for public abstract com.netflix.projeto.usuario.entity.Usuario com.netflix.projeto.usuario.repository.UsuarioRepository.findUsername(java.lang.String); Reason: Failed to create query for method public abstract com.netflix.projeto.usuario.entity.Usuario com.netflix.projeto.usuario.repository.UsuarioRepository.findUsername(java.lang.String)! No property 'findUsername' found for type 'Usuario'; nested exception is java.lang.IllegalArgumentException: Failed to create query for method public abstract com.netflix.projeto.usuario.entity.Usuario com.netflix.projeto.usuario.repository.UsuarioRepository.findUsername(java.lang.String)! No property 'findUsername' found for type 'Usuario'
Caused by: org.springframework.beans.factory.UnsatisfiedDependencyException: Error creating bean with name 'usuarioService': Unsatisfied dependency expressed through field 'usuarioRepository'; nested exception is org.springframework.beans.factory.BeanCreationException: Error creating bean with name 'usuarioRepository' defined in com.netflix.projeto.usuario.repository.UsuarioRepository defined in @EnableJpaRepositories declared on JpaRepositoriesRegistrar.EnableJpaRepositoriesConfiguration: Invocation of init method failed; nested exception is org.springframework.data.repository.query.QueryCreationException: Could not create query for public abstract com.netflix.projeto.usuario.entity.Usuario com.netflix.projeto.usuario.repository.UsuarioRepository.findUsername(java.lang.String); Reason: Failed to create query for method public abstract com.netflix.projeto.usuario.entity.Usuario com.netflix.projeto.usuario.repository.UsuarioRepository.findUsername(java.lang.String)! No property 'findUsername' found for type 'Usuario'; nested exception is java.lang.IllegalArgumentException: Failed to create query for method public abstract com.netflix.projeto.usuario.entity.Usuario com.netflix.projeto.usuario.repository.UsuarioRepository.findUsername(java.lang.String)! No property 'findUsername' found for type 'Usuario'
Caused by: org.springframework.beans.factory.BeanCreationException: Error creating bean with name 'usuarioRepository' defined in com.netflix.projeto.usuario.repository.UsuarioRepository defined in @EnableJpaRepositories declared on JpaRepositoriesRegistrar.EnableJpaRepositoriesConfiguration: Invocation of init method failed; nested exception is org.springframework.data.repository.query.QueryCreationException: Could not create query for public abstract com.netflix.projeto.usuario.entity.Usuario com.netflix.projeto.usuario.repository.UsuarioRepository.findUsername(java.lang.String); Reason: Failed to create query for method public abstract com.netflix.projeto.usuario.entity.Usuario com.netflix.projeto.usuario.repository.UsuarioRepository.findUsername(java.lang.String)! No property 'findUsername' found for type 'Usuario'; nested exception is java.lang.IllegalArgumentException: Failed to create query for method public abstract com.netflix.projeto.usuario.entity.Usuario com.netflix.projeto.usuario.repository.UsuarioRepository.findUsername(java.lang.String)! No property 'findUsername' found for type 'Usuario'
Caused by: org.springframework.data.repository.query.QueryCreationException: Could not create query for public abstract com.netflix.projeto.usuario.entity.Usuario com.netflix.projeto.usuario.repository.UsuarioRepository.findUsername(java.lang.String); Reason: Failed to create query for method public abstract com.netflix.projeto.usuario.entity.Usuario com.netflix.projeto.usuario.repository.UsuarioRepository.findUsername(java.lang.String)! No property 'findUsername' found for type 'Usuario'; nested exception is java.lang.IllegalArgumentException: Failed to create query for method public abstract com.netflix.projeto.usuario.entity.Usuario com.netflix.projeto.usuario.repository.UsuarioRepository.findUsername(java.lang.String)! No property 'findUsername' found for type 'Usuario'
Caused by: java.lang.IllegalArgumentException: Failed to create query for method public abstract com.netflix.projeto.usuario.entity.Usuario com.netflix.projeto.usuario.repository.UsuarioRepository.findUsername(java.lang.String)! No property 'findUsername' found for type 'Usuario'
Caused by: org.springframework.data.mapping.PropertyReferenceException: No property 'findUsername' found for type 'Usuario'

